<?xml version="1.0" encoding="UTF-8"?>
<testsuite xmlns:xsi="http://www.w3.org/2001/XMLSchema-instance" xsi:noNamespaceSchemaLocation="https://maven.apache.org/surefire/maven-surefire-plugin/xsd/surefire-test-report-3.0.xsd" version="3.0" name="com.itheima.AppTest" time="0.019" tests="1" errors="0" skipped="0" failures="0">
  <properties>
    <property name="sun.desktop" value="windows"/>
    <property name="awt.toolkit" value="sun.awt.windows.WToolkit"/>
    <property name="file.encoding.pkg" value="sun.io"/>
    <property name="java.specification.version" value="1.8"/>
    <property name="sun.cpu.isalist" value="amd64"/>
    <property name="sun.jnu.encoding" value="GBK"/>
    <property name="java.class.path" value="E:\project\java\health\health_parent\health_common\target\test-classes;E:\project\java\health\health_parent\health_common\target\classes;D:\soft\maven\apache-maven-3.6.3\repository\com\github\pagehelper\pagehelper\4.1.4\pagehelper-4.1.4.jar;D:\soft\maven\apache-maven-3.6.3\repository\com\github\jsqlparser\jsqlparser\0.9.5\jsqlparser-0.9.5.jar;D:\soft\maven\apache-maven-3.6.3\repository\org\mybatis\mybatis\3.4.5\mybatis-3.4.5.jar;D:\soft\maven\apache-maven-3.6.3\repository\com\google\code\gson\gson\2.8.6\gson-2.8.6.jar;D:\soft\maven\apache-maven-3.6.3\repository\org\freemarker\freemarker\2.3.9\freemarker-2.3.9.jar;D:\soft\maven\apache-maven-3.6.3\repository\com\aliyun\aliyun-java-sdk-core\3.3.1\aliyun-java-sdk-core-3.3.1.jar;D:\soft\maven\apache-maven-3.6.3\repository\org\json\json\20170516\json-20170516.jar;D:\soft\maven\apache-maven-3.6.3\repository\com\aliyun\aliyun-java-sdk-dysmsapi\1.0.0\aliyun-java-sdk-dysmsapi-1.0.0.jar;D:\soft\maven\apache-maven-3.6.3\repository\com\qiniu\happy-dns-java\0.1.6\happy-dns-java-0.1.6.jar;D:\soft\maven\apache-maven-3.6.3\repository\org\mybatis\mybatis-spring\1.3.1\mybatis-spring-1.3.1.jar;D:\soft\maven\apache-maven-3.6.3\repository\com\github\miemiedev\mybatis-paginator\1.2.15\mybatis-paginator-1.2.15.jar;D:\soft\maven\apache-maven-3.6.3\repository\org\slf4j\slf4j-api\1.7.2\slf4j-api-1.7.2.jar;D:\soft\maven\apache-maven-3.6.3\repository\com\mysql\mysql-connector-j\8.0.32\mysql-connector-j-8.0.32.jar;D:\soft\maven\apache-maven-3.6.3\repository\com\google\protobuf\protobuf-java\3.21.9\protobuf-java-3.21.9.jar;D:\soft\maven\apache-maven-3.6.3\repository\com\alibaba\druid\1.2.12\druid-1.2.12.jar;D:\soft\maven\apache-maven-3.6.3\repository\commons-fileupload\commons-fileupload\1.3.1\commons-fileupload-1.3.1.jar;D:\soft\maven\apache-maven-3.6.3\repository\commons-io\commons-io\2.2\commons-io-2.2.jar;D:\soft\maven\apache-maven-3.6.3\repository\org\springframework\spring-context\5.0.5.RELEASE\spring-context-5.0.5.RELEASE.jar;D:\soft\maven\apache-maven-3.6.3\repository\org\springframework\spring-aop\5.0.5.RELEASE\spring-aop-5.0.5.RELEASE.jar;D:\soft\maven\apache-maven-3.6.3\repository\org\springframework\spring-core\5.0.5.RELEASE\spring-core-5.0.5.RELEASE.jar;D:\soft\maven\apache-maven-3.6.3\repository\org\springframework\spring-jcl\5.0.5.RELEASE\spring-jcl-5.0.5.RELEASE.jar;D:\soft\maven\apache-maven-3.6.3\repository\org\springframework\spring-expression\5.0.5.RELEASE\spring-expression-5.0.5.RELEASE.jar;D:\soft\maven\apache-maven-3.6.3\repository\org\springframework\spring-beans\5.0.5.RELEASE\spring-beans-5.0.5.RELEASE.jar;D:\soft\maven\apache-maven-3.6.3\repository\org\springframework\spring-web\5.0.5.RELEASE\spring-web-5.0.5.RELEASE.jar;D:\soft\maven\apache-maven-3.6.3\repository\org\springframework\spring-webmvc\5.0.5.RELEASE\spring-webmvc-5.0.5.RELEASE.jar;D:\soft\maven\apache-maven-3.6.3\repository\org\springframework\spring-jdbc\5.0.5.RELEASE\spring-jdbc-5.0.5.RELEASE.jar;D:\soft\maven\apache-maven-3.6.3\repository\org\springframework\spring-tx\5.0.5.RELEASE\spring-tx-5.0.5.RELEASE.jar;D:\soft\maven\apache-maven-3.6.3\repository\org\springframework\spring-aspects\5.0.5.RELEASE\spring-aspects-5.0.5.RELEASE.jar;D:\soft\maven\apache-maven-3.6.3\repository\org\aspectj\aspectjweaver\1.8.13\aspectjweaver-1.8.13.jar;D:\soft\maven\apache-maven-3.6.3\repository\org\springframework\spring-jms\5.0.5.RELEASE\spring-jms-5.0.5.RELEASE.jar;D:\soft\maven\apache-maven-3.6.3\repository\org\springframework\spring-messaging\5.0.5.RELEASE\spring-messaging-5.0.5.RELEASE.jar;D:\soft\maven\apache-maven-3.6.3\repository\org\springframework\spring-context-support\5.0.5.RELEASE\spring-context-support-5.0.5.RELEASE.jar;D:\soft\maven\apache-maven-3.6.3\repository\org\springframework\spring-test\5.0.5.RELEASE\spring-test-5.0.5.RELEASE.jar;D:\soft\maven\apache-maven-3.6.3\repository\com\alibaba\dubbo\2.6.0\dubbo-2.6.0.jar;D:\soft\maven\apache-maven-3.6.3\repository\org\javassist\javassist\3.20.0-GA\javassist-3.20.0-GA.jar;D:\soft\maven\apache-maven-3.6.3\repository\org\jboss\netty\netty\3.2.5.Final\netty-3.2.5.Final.jar;D:\soft\maven\apache-maven-3.6.3\repository\org\apache\zookeeper\zookeeper\3.4.7\zookeeper-3.4.7.jar;D:\soft\maven\apache-maven-3.6.3\repository\org\slf4j\slf4j-log4j12\1.6.1\slf4j-log4j12-1.6.1.jar;D:\soft\maven\apache-maven-3.6.3\repository\log4j\log4j\1.2.16\log4j-1.2.16.jar;D:\soft\maven\apache-maven-3.6.3\repository\jline\jline\0.9.94\jline-0.9.94.jar;D:\soft\maven\apache-maven-3.6.3\repository\io\netty\netty\3.7.0.Final\netty-3.7.0.Final.jar;D:\soft\maven\apache-maven-3.6.3\repository\com\github\sgroschupf\zkclient\0.1\zkclient-0.1.jar;D:\soft\maven\apache-maven-3.6.3\repository\junit\junit\4.12\junit-4.12.jar;D:\soft\maven\apache-maven-3.6.3\repository\org\hamcrest\hamcrest-core\1.3\hamcrest-core-1.3.jar;D:\soft\maven\apache-maven-3.6.3\repository\com\alibaba\fastjson\1.2.47\fastjson-1.2.47.jar;D:\soft\maven\apache-maven-3.6.3\repository\javassist\javassist\3.12.1.GA\javassist-3.12.1.GA.jar;D:\soft\maven\apache-maven-3.6.3\repository\commons-codec\commons-codec\1.10\commons-codec-1.10.jar;D:\soft\maven\apache-maven-3.6.3\repository\org\apache\poi\poi\3.14\poi-3.14.jar;D:\soft\maven\apache-maven-3.6.3\repository\redis\clients\jedis\2.9.0\jedis-2.9.0.jar;D:\soft\maven\apache-maven-3.6.3\repository\org\apache\commons\commons-pool2\2.4.2\commons-pool2-2.4.2.jar;D:\soft\maven\apache-maven-3.6.3\repository\com\qiniu\qiniu-java-sdk\7.16.0\qiniu-java-sdk-7.16.0.jar;D:\soft\maven\apache-maven-3.6.3\repository\com\squareup\okhttp3\okhttp\3.14.4\okhttp-3.14.4.jar;D:\soft\maven\apache-maven-3.6.3\repository\com\squareup\okio\okio\1.17.2\okio-1.17.2.jar;D:\soft\maven\apache-maven-3.6.3\repository\org\projectlombok\lombok\1.18.22\lombok-1.18.22.jar;D:\soft\maven\apache-maven-3.6.3\repository\com\sun\jersey\jersey-client\1.18.1\jersey-client-1.18.1.jar;D:\soft\maven\apache-maven-3.6.3\repository\com\sun\jersey\jersey-core\1.18.1\jersey-core-1.18.1.jar;D:\soft\maven\apache-maven-3.6.3\repository\org\apache\poi\poi-ooxml\3.14\poi-ooxml-3.14.jar;D:\soft\maven\apache-maven-3.6.3\repository\org\apache\poi\poi-ooxml-schemas\3.14\poi-ooxml-schemas-3.14.jar;D:\soft\maven\apache-maven-3.6.3\repository\org\apache\xmlbeans\xmlbeans\2.6.0\xmlbeans-2.6.0.jar;D:\soft\maven\apache-maven-3.6.3\repository\stax\stax-api\1.0.1\stax-api-1.0.1.jar;D:\soft\maven\apache-maven-3.6.3\repository\com\github\virtuald\curvesapi\1.03\curvesapi-1.03.jar;D:\soft\maven\apache-maven-3.6.3\repository\org\springframework\security\spring-security-web\5.0.5.RELEASE\spring-security-web-5.0.5.RELEASE.jar;D:\soft\maven\apache-maven-3.6.3\repository\org\springframework\security\spring-security-core\5.0.5.RELEASE\spring-security-core-5.0.5.RELEASE.jar;D:\soft\maven\apache-maven-3.6.3\repository\org\springframework\security\spring-security-config\5.0.5.RELEASE\spring-security-config-5.0.5.RELEASE.jar;D:\soft\maven\apache-maven-3.6.3\repository\org\springframework\security\spring-security-taglibs\5.0.5.RELEASE\spring-security-taglibs-5.0.5.RELEASE.jar;D:\soft\maven\apache-maven-3.6.3\repository\org\springframework\security\spring-security-acl\5.0.5.RELEASE\spring-security-acl-5.0.5.RELEASE.jar;D:\soft\maven\apache-maven-3.6.3\repository\javax\servlet\servlet-api\2.5\servlet-api-2.5.jar;"/>
    <property name="java.vm.vendor" value="Oracle Corporation"/>
    <property name="sun.arch.data.model" value="64"/>
    <property name="user.variant" value=""/>
    <property name="java.vendor.url" value="http://java.oracle.com/"/>
    <property name="user.timezone" value="Asia/Shanghai"/>
    <property name="java.vm.specification.version" value="1.8"/>
    <property name="os.name" value="Windows 10"/>
    <property name="user.country" value="CN"/>
    <property name="sun.java.launcher" value="SUN_STANDARD"/>
    <property name="sun.boot.library.path" value="D:\soft\jdk\jre\bin"/>
    <property name="sun.java.command" value="C:\Users\Administrator\AppData\Local\Temp\surefire6536583689572765192\surefirebooter-20250417200605955_3.jar C:\Users\Administrator\AppData\Local\Temp\surefire6536583689572765192 2025-04-17T20-06-05_668-jvmRun1 surefire-20250417200605955_1tmp surefire_0-20250417200605955_2tmp"/>
    <property name="surefire.test.class.path" value="E:\project\java\health\health_parent\health_common\target\test-classes;E:\project\java\health\health_parent\health_common\target\classes;D:\soft\maven\apache-maven-3.6.3\repository\com\github\pagehelper\pagehelper\4.1.4\pagehelper-4.1.4.jar;D:\soft\maven\apache-maven-3.6.3\repository\com\github\jsqlparser\jsqlparser\0.9.5\jsqlparser-0.9.5.jar;D:\soft\maven\apache-maven-3.6.3\repository\org\mybatis\mybatis\3.4.5\mybatis-3.4.5.jar;D:\soft\maven\apache-maven-3.6.3\repository\com\google\code\gson\gson\2.8.6\gson-2.8.6.jar;D:\soft\maven\apache-maven-3.6.3\repository\org\freemarker\freemarker\2.3.9\freemarker-2.3.9.jar;D:\soft\maven\apache-maven-3.6.3\repository\com\aliyun\aliyun-java-sdk-core\3.3.1\aliyun-java-sdk-core-3.3.1.jar;D:\soft\maven\apache-maven-3.6.3\repository\org\json\json\20170516\json-20170516.jar;D:\soft\maven\apache-maven-3.6.3\repository\com\aliyun\aliyun-java-sdk-dysmsapi\1.0.0\aliyun-java-sdk-dysmsapi-1.0.0.jar;D:\soft\maven\apache-maven-3.6.3\repository\com\qiniu\happy-dns-java\0.1.6\happy-dns-java-0.1.6.jar;D:\soft\maven\apache-maven-3.6.3\repository\org\mybatis\mybatis-spring\1.3.1\mybatis-spring-1.3.1.jar;D:\soft\maven\apache-maven-3.6.3\repository\com\github\miemiedev\mybatis-paginator\1.2.15\mybatis-paginator-1.2.15.jar;D:\soft\maven\apache-maven-3.6.3\repository\org\slf4j\slf4j-api\1.7.2\slf4j-api-1.7.2.jar;D:\soft\maven\apache-maven-3.6.3\repository\com\mysql\mysql-connector-j\8.0.32\mysql-connector-j-8.0.32.jar;D:\soft\maven\apache-maven-3.6.3\repository\com\google\protobuf\protobuf-java\3.21.9\protobuf-java-3.21.9.jar;D:\soft\maven\apache-maven-3.6.3\repository\com\alibaba\druid\1.2.12\druid-1.2.12.jar;D:\soft\maven\apache-maven-3.6.3\repository\commons-fileupload\commons-fileupload\1.3.1\commons-fileupload-1.3.1.jar;D:\soft\maven\apache-maven-3.6.3\repository\commons-io\commons-io\2.2\commons-io-2.2.jar;D:\soft\maven\apache-maven-3.6.3\repository\org\springframework\spring-context\5.0.5.RELEASE\spring-context-5.0.5.RELEASE.jar;D:\soft\maven\apache-maven-3.6.3\repository\org\springframework\spring-aop\5.0.5.RELEASE\spring-aop-5.0.5.RELEASE.jar;D:\soft\maven\apache-maven-3.6.3\repository\org\springframework\spring-core\5.0.5.RELEASE\spring-core-5.0.5.RELEASE.jar;D:\soft\maven\apache-maven-3.6.3\repository\org\springframework\spring-jcl\5.0.5.RELEASE\spring-jcl-5.0.5.RELEASE.jar;D:\soft\maven\apache-maven-3.6.3\repository\org\springframework\spring-expression\5.0.5.RELEASE\spring-expression-5.0.5.RELEASE.jar;D:\soft\maven\apache-maven-3.6.3\repository\org\springframework\spring-beans\5.0.5.RELEASE\spring-beans-5.0.5.RELEASE.jar;D:\soft\maven\apache-maven-3.6.3\repository\org\springframework\spring-web\5.0.5.RELEASE\spring-web-5.0.5.RELEASE.jar;D:\soft\maven\apache-maven-3.6.3\repository\org\springframework\spring-webmvc\5.0.5.RELEASE\spring-webmvc-5.0.5.RELEASE.jar;D:\soft\maven\apache-maven-3.6.3\repository\org\springframework\spring-jdbc\5.0.5.RELEASE\spring-jdbc-5.0.5.RELEASE.jar;D:\soft\maven\apache-maven-3.6.3\repository\org\springframework\spring-tx\5.0.5.RELEASE\spring-tx-5.0.5.RELEASE.jar;D:\soft\maven\apache-maven-3.6.3\repository\org\springframework\spring-aspects\5.0.5.RELEASE\spring-aspects-5.0.5.RELEASE.jar;D:\soft\maven\apache-maven-3.6.3\repository\org\aspectj\aspectjweaver\1.8.13\aspectjweaver-1.8.13.jar;D:\soft\maven\apache-maven-3.6.3\repository\org\springframework\spring-jms\5.0.5.RELEASE\spring-jms-5.0.5.RELEASE.jar;D:\soft\maven\apache-maven-3.6.3\repository\org\springframework\spring-messaging\5.0.5.RELEASE\spring-messaging-5.0.5.RELEASE.jar;D:\soft\maven\apache-maven-3.6.3\repository\org\springframework\spring-context-support\5.0.5.RELEASE\spring-context-support-5.0.5.RELEASE.jar;D:\soft\maven\apache-maven-3.6.3\repository\org\springframework\spring-test\5.0.5.RELEASE\spring-test-5.0.5.RELEASE.jar;D:\soft\maven\apache-maven-3.6.3\repository\com\alibaba\dubbo\2.6.0\dubbo-2.6.0.jar;D:\soft\maven\apache-maven-3.6.3\repository\org\javassist\javassist\3.20.0-GA\javassist-3.20.0-GA.jar;D:\soft\maven\apache-maven-3.6.3\repository\org\jboss\netty\netty\3.2.5.Final\netty-3.2.5.Final.jar;D:\soft\maven\apache-maven-3.6.3\repository\org\apache\zookeeper\zookeeper\3.4.7\zookeeper-3.4.7.jar;D:\soft\maven\apache-maven-3.6.3\repository\org\slf4j\slf4j-log4j12\1.6.1\slf4j-log4j12-1.6.1.jar;D:\soft\maven\apache-maven-3.6.3\repository\log4j\log4j\1.2.16\log4j-1.2.16.jar;D:\soft\maven\apache-maven-3.6.3\repository\jline\jline\0.9.94\jline-0.9.94.jar;D:\soft\maven\apache-maven-3.6.3\repository\io\netty\netty\3.7.0.Final\netty-3.7.0.Final.jar;D:\soft\maven\apache-maven-3.6.3\repository\com\github\sgroschupf\zkclient\0.1\zkclient-0.1.jar;D:\soft\maven\apache-maven-3.6.3\repository\junit\junit\4.12\junit-4.12.jar;D:\soft\maven\apache-maven-3.6.3\repository\org\hamcrest\hamcrest-core\1.3\hamcrest-core-1.3.jar;D:\soft\maven\apache-maven-3.6.3\repository\com\alibaba\fastjson\1.2.47\fastjson-1.2.47.jar;D:\soft\maven\apache-maven-3.6.3\repository\javassist\javassist\3.12.1.GA\javassist-3.12.1.GA.jar;D:\soft\maven\apache-maven-3.6.3\repository\commons-codec\commons-codec\1.10\commons-codec-1.10.jar;D:\soft\maven\apache-maven-3.6.3\repository\org\apache\poi\poi\3.14\poi-3.14.jar;D:\soft\maven\apache-maven-3.6.3\repository\redis\clients\jedis\2.9.0\jedis-2.9.0.jar;D:\soft\maven\apache-maven-3.6.3\repository\org\apache\commons\commons-pool2\2.4.2\commons-pool2-2.4.2.jar;D:\soft\maven\apache-maven-3.6.3\repository\com\qiniu\qiniu-java-sdk\7.16.0\qiniu-java-sdk-7.16.0.jar;D:\soft\maven\apache-maven-3.6.3\repository\com\squareup\okhttp3\okhttp\3.14.4\okhttp-3.14.4.jar;D:\soft\maven\apache-maven-3.6.3\repository\com\squareup\okio\okio\1.17.2\okio-1.17.2.jar;D:\soft\maven\apache-maven-3.6.3\repository\org\projectlombok\lombok\1.18.22\lombok-1.18.22.jar;D:\soft\maven\apache-maven-3.6.3\repository\com\sun\jersey\jersey-client\1.18.1\jersey-client-1.18.1.jar;D:\soft\maven\apache-maven-3.6.3\repository\com\sun\jersey\jersey-core\1.18.1\jersey-core-1.18.1.jar;D:\soft\maven\apache-maven-3.6.3\repository\org\apache\poi\poi-ooxml\3.14\poi-ooxml-3.14.jar;D:\soft\maven\apache-maven-3.6.3\repository\org\apache\poi\poi-ooxml-schemas\3.14\poi-ooxml-schemas-3.14.jar;D:\soft\maven\apache-maven-3.6.3\repository\org\apache\xmlbeans\xmlbeans\2.6.0\xmlbeans-2.6.0.jar;D:\soft\maven\apache-maven-3.6.3\repository\stax\stax-api\1.0.1\stax-api-1.0.1.jar;D:\soft\maven\apache-maven-3.6.3\repository\com\github\virtuald\curvesapi\1.03\curvesapi-1.03.jar;D:\soft\maven\apache-maven-3.6.3\repository\org\springframework\security\spring-security-web\5.0.5.RELEASE\spring-security-web-5.0.5.RELEASE.jar;D:\soft\maven\apache-maven-3.6.3\repository\org\springframework\security\spring-security-core\5.0.5.RELEASE\spring-security-core-5.0.5.RELEASE.jar;D:\soft\maven\apache-maven-3.6.3\repository\org\springframework\security\spring-security-config\5.0.5.RELEASE\spring-security-config-5.0.5.RELEASE.jar;D:\soft\maven\apache-maven-3.6.3\repository\org\springframework\security\spring-security-taglibs\5.0.5.RELEASE\spring-security-taglibs-5.0.5.RELEASE.jar;D:\soft\maven\apache-maven-3.6.3\repository\org\springframework\security\spring-security-acl\5.0.5.RELEASE\spring-security-acl-5.0.5.RELEASE.jar;D:\soft\maven\apache-maven-3.6.3\repository\javax\servlet\servlet-api\2.5\servlet-api-2.5.jar;"/>
    <property name="sun.cpu.endian" value="little"/>
    <property name="user.home" value="C:\Users\Administrator"/>
    <property name="user.language" value="zh"/>
    <property name="java.specification.vendor" value="Oracle Corporation"/>
    <property name="java.home" value="D:\soft\jdk\jre"/>
    <property name="basedir" value="E:\project\java\health\health_parent\health_common"/>
    <property name="file.separator" value="\"/>
    <property name="line.separator" value="&#10;"/>
    <property name="java.vm.specification.vendor" value="Oracle Corporation"/>
    <property name="java.specification.name" value="Java Platform API Specification"/>
    <property name="java.awt.graphicsenv" value="sun.awt.Win32GraphicsEnvironment"/>
    <property name="surefire.real.class.path" value="C:\Users\Administrator\AppData\Local\Temp\surefire6536583689572765192\surefirebooter-20250417200605955_3.jar"/>
    <property name="sun.boot.class.path" value="D:\soft\jdk\jre\lib\resources.jar;D:\soft\jdk\jre\lib\rt.jar;D:\soft\jdk\jre\lib\sunrsasign.jar;D:\soft\jdk\jre\lib\jsse.jar;D:\soft\jdk\jre\lib\jce.jar;D:\soft\jdk\jre\lib\charsets.jar;D:\soft\jdk\jre\lib\jfr.jar;D:\soft\jdk\jre\classes"/>
    <property name="user.script" value=""/>
    <property name="sun.management.compiler" value="HotSpot 64-Bit Tiered Compilers"/>
    <property name="java.runtime.version" value="1.8.0_202-b08"/>
    <property name="user.name" value="Administrator"/>
    <property name="path.separator" value=";"/>
    <property name="os.version" value="10.0"/>
    <property name="java.endorsed.dirs" value="D:\soft\jdk\jre\lib\endorsed"/>
    <property name="java.runtime.name" value="Java(TM) SE Runtime Environment"/>
    <property name="file.encoding" value="GBK"/>
    <property name="java.vm.name" value="Java HotSpot(TM) 64-Bit Server VM"/>
    <property name="localRepository" value="D:\soft\maven\apache-maven-3.6.3\repository"/>
    <property name="java.vendor.url.bug" value="http://bugreport.sun.com/bugreport/"/>
    <property name="java.io.tmpdir" value="C:\Users\ADMINI~1\AppData\Local\Temp\"/>
    <property name="idea.version" value="2024.2.3"/>
    <property name="java.version" value="1.8.0_202"/>
    <property name="user.dir" value="E:\project\java\health\health_parent\health_common"/>
    <property name="os.arch" value="amd64"/>
    <property name="java.vm.specification.name" value="Java Virtual Machine Specification"/>
    <property name="java.awt.printerjob" value="sun.awt.windows.WPrinterJob"/>
    <property name="sun.os.patch.level" value=""/>
    <property name="java.library.path" value="D:\soft\jdk\jre\bin;C:\windows\Sun\Java\bin;C:\windows\system32;C:\windows;C:\Program Files (x86)\Common Files\Oracle\Java\javapath;C:\windows\system32;C:\windows;C:\windows\System32\Wbem;C:\windows\System32\WindowsPowerShell\v1.0\;C:\windows\System32\OpenSSH\;C:\Program Files\NVIDIA Corporation\NVIDIA app\NvDLISR;C:\Program Files (x86)\NVIDIA Corporation\PhysX\Common;C:\Program Files\Bandizip\;D:\soft\微信小程序开发工具\微信web开发者工具\dll;D:\soft\maven\apache-maven-3.6.3\bi;D:\soft\jdk\bin;D:\soft\mysql\mysql\bin;D:\soft\git\Git\cmd;C:\Users\Administrator\AppData\Local\Microsoft\WindowsApps;;D:\soft\编译器软件\ieda\IntelliJ IDEA 2024.2.3\bin;;D:\soft\编译器软件\pycharm\PyCharm 2024.2.3\bin;;D:\soft\vscode\Microsoft VS Code\bin;."/>
    <property name="java.vm.info" value="mixed mode"/>
    <property name="java.vendor" value="Oracle Corporation"/>
    <property name="java.vm.version" value="25.202-b08"/>
    <property name="java.ext.dirs" value="D:\soft\jdk\jre\lib\ext;C:\windows\Sun\Java\lib\ext"/>
    <property name="sun.io.unicode.encoding" value="UnicodeLittle"/>
    <property name="maven.repo.local" value="D:\soft\maven\apache-maven-3.6.3\repository"/>
    <property name="java.class.version" value="52.0"/>
  </properties>
  <testcase name="testApp" classname="com.itheima.AppTest" time="0.001"/>
</testsuite>